<?xml version="1.0" encoding="UTF-8"?>
<!-- Generated by org.testng.reporters.JUnitXMLReporter -->
<testsuite ignored="3" hostname="DESKTOP-4DDVBEP" failures="0" tests="1" name="Default test" time="28.98" errors="0" timestamp="2019-11-10T13:18:07 GMT-05:00">
  <testcase classname="com.qa.tests.HomePageTest" name="searchJewellery" time="0.136"/>
  <testcase classname="com.qa.tests.HomePageTest" name="openCartMethod" time="0.0">
    <ignored/>
  </testcase> <!-- openCartMethod -->
  <testcase classname="com.qa.tests.HomePageTest" name="getPageTitle" time="0.0">
    <ignored/>
  </testcase> <!-- getPageTitle -->
  <testcase classname="com.qa.tests.HomePageTest" name="searchAnything" time="0.0">
    <ignored/>
  </testcase> <!-- searchAnything -->
</testsuite> <!-- Default test -->
