<?xml version="1.0" encoding="UTF-8"?>
<testng-results ignored="0" total="5" passed="4" failed="1" skipped="0">
  <reporter-output>
  </reporter-output>
  <suite started-at="2019-11-11T17:28:37 GMT-05:00" name="Default suite" finished-at="2019-11-11T17:30:29 GMT-05:00" duration-ms="112933">
    <groups>
    </groups>
    <test started-at="2019-11-11T17:28:37 GMT-05:00" name="Default test" finished-at="2019-11-11T17:30:29 GMT-05:00" duration-ms="112933">
      <class name="com.qa.test.DataSourceTest">
        <test-method is-config="true" signature="setUp()[pri:0, instance:com.qa.test.DataSourceTest@157853da]" started-at="2019-11-11T17:28:37 GMT-05:00" name="setUp" finished-at="2019-11-11T17:28:49 GMT-05:00" duration-ms="11872" status="PASS">
          <reporter-output>
          </reporter-output>
        </test-method> <!-- setUp -->
        <test-method signature="DataSend(java.lang.String, java.lang.String, java.lang.String, java.lang.String)[pri:0, instance:com.qa.test.DataSourceTest@157853da]" started-at="2019-11-11T17:28:49 GMT-05:00" name="DataSend" data-provider="TestData" finished-at="2019-11-11T17:29:08 GMT-05:00" duration-ms="18960" status="PASS">
          <params>
            <param index="0">
              <value>
                <![CDATA[Akshay]]>
              </value>
            </param>
            <param index="1">
              <value>
                <![CDATA[Badavide]]>
              </value>
            </param>
            <param index="2">
              <value>
                <![CDATA[akshaybadavide@gmail.com]]>
              </value>
            </param>
            <param index="3">
              <value>
                <![CDATA[ABABAB]]>
              </value>
            </param>
          </params>
          <reporter-output>
          </reporter-output>
        </test-method> <!-- DataSend -->
        <test-method is-config="true" signature="tearDown()[pri:0, instance:com.qa.test.DataSourceTest@157853da]" started-at="2019-11-11T17:29:08 GMT-05:00" name="tearDown" finished-at="2019-11-11T17:29:09 GMT-05:00" duration-ms="785" status="PASS">
          <reporter-output>
          </reporter-output>
        </test-method> <!-- tearDown -->
        <test-method is-config="true" signature="setUp()[pri:0, instance:com.qa.test.DataSourceTest@157853da]" started-at="2019-11-11T17:29:09 GMT-05:00" name="setUp" finished-at="2019-11-11T17:29:19 GMT-05:00" duration-ms="10317" status="PASS">
          <reporter-output>
          </reporter-output>
        </test-method> <!-- setUp -->
        <test-method signature="DataSend(java.lang.String, java.lang.String, java.lang.String, java.lang.String)[pri:0, instance:com.qa.test.DataSourceTest@157853da]" started-at="2019-11-11T17:29:19 GMT-05:00" name="DataSend" data-provider="TestData" finished-at="2019-11-11T17:29:25 GMT-05:00" duration-ms="5310" status="PASS">
          <params>
            <param index="0">
              <value>
                <![CDATA[Ankitha]]>
              </value>
            </param>
            <param index="1">
              <value>
                <![CDATA[Ramakrishna]]>
              </value>
            </param>
            <param index="2">
              <value>
                <![CDATA[ankithar@gmail.com]]>
              </value>
            </param>
            <param index="3">
              <value>
                <![CDATA[ARARAR]]>
              </value>
            </param>
          </params>
          <reporter-output>
          </reporter-output>
        </test-method> <!-- DataSend -->
        <test-method is-config="true" signature="tearDown()[pri:0, instance:com.qa.test.DataSourceTest@157853da]" started-at="2019-11-11T17:29:25 GMT-05:00" name="tearDown" finished-at="2019-11-11T17:29:25 GMT-05:00" duration-ms="757" status="PASS">
          <reporter-output>
          </reporter-output>
        </test-method> <!-- tearDown -->
        <test-method is-config="true" signature="setUp()[pri:0, instance:com.qa.test.DataSourceTest@157853da]" started-at="2019-11-11T17:29:25 GMT-05:00" name="setUp" finished-at="2019-11-11T17:29:36 GMT-05:00" duration-ms="10231" status="PASS">
          <reporter-output>
          </reporter-output>
        </test-method> <!-- setUp -->
        <test-method signature="DataSend(java.lang.String, java.lang.String, java.lang.String, java.lang.String)[pri:0, instance:com.qa.test.DataSourceTest@157853da]" started-at="2019-11-11T17:29:36 GMT-05:00" name="DataSend" data-provider="TestData" finished-at="2019-11-11T17:29:41 GMT-05:00" duration-ms="5297" status="PASS">
          <params>
            <param index="0">
              <value>
                <![CDATA[Adhira]]>
              </value>
            </param>
            <param index="1">
              <value>
                <![CDATA[Badavide]]>
              </value>
            </param>
            <param index="2">
              <value>
                <![CDATA[adhirab@gmail.com]]>
              </value>
            </param>
            <param index="3">
              <value>
                <![CDATA[AAAAAA]]>
              </value>
            </param>
          </params>
          <reporter-output>
          </reporter-output>
        </test-method> <!-- DataSend -->
        <test-method is-config="true" signature="tearDown()[pri:0, instance:com.qa.test.DataSourceTest@157853da]" started-at="2019-11-11T17:29:41 GMT-05:00" name="tearDown" finished-at="2019-11-11T17:29:42 GMT-05:00" duration-ms="984" status="PASS">
          <reporter-output>
          </reporter-output>
        </test-method> <!-- tearDown -->
        <test-method is-config="true" signature="setUp()[pri:0, instance:com.qa.test.DataSourceTest@157853da]" started-at="2019-11-11T17:29:42 GMT-05:00" name="setUp" finished-at="2019-11-11T17:29:52 GMT-05:00" duration-ms="10221" status="PASS">
          <reporter-output>
          </reporter-output>
        </test-method> <!-- setUp -->
        <test-method signature="DataSend(java.lang.String, java.lang.String, java.lang.String, java.lang.String)[pri:0, instance:com.qa.test.DataSourceTest@157853da]" started-at="2019-11-11T17:29:52 GMT-05:00" name="DataSend" data-provider="TestData" finished-at="2019-11-11T17:29:57 GMT-05:00" duration-ms="4803" status="PASS">
          <params>
            <param index="0">
              <value>
                <![CDATA[Suma]]>
              </value>
            </param>
            <param index="1">
              <value>
                <![CDATA[Ramakrishna]]>
              </value>
            </param>
            <param index="2">
              <value>
                <![CDATA[sumaRam@gmail.com]]>
              </value>
            </param>
            <param index="3">
              <value>
                <![CDATA[SRSRSR]]>
              </value>
            </param>
          </params>
          <reporter-output>
          </reporter-output>
        </test-method> <!-- DataSend -->
        <test-method is-config="true" signature="tearDown()[pri:0, instance:com.qa.test.DataSourceTest@157853da]" started-at="2019-11-11T17:29:57 GMT-05:00" name="tearDown" finished-at="2019-11-11T17:29:58 GMT-05:00" duration-ms="771" status="PASS">
          <reporter-output>
          </reporter-output>
        </test-method> <!-- tearDown -->
        <test-method is-config="true" signature="setUp()[pri:0, instance:com.qa.test.DataSourceTest@157853da]" started-at="2019-11-11T17:29:58 GMT-05:00" name="setUp" finished-at="2019-11-11T17:30:08 GMT-05:00" duration-ms="9965" status="PASS">
          <reporter-output>
          </reporter-output>
        </test-method> <!-- setUp -->
        <test-method signature="DataSend(java.lang.String, java.lang.String, java.lang.String, java.lang.String)[pri:0, instance:com.qa.test.DataSourceTest@157853da]" started-at="2019-11-11T17:30:08 GMT-05:00" name="DataSend" data-provider="TestData" finished-at="2019-11-11T17:30:29 GMT-05:00" duration-ms="21054" status="FAIL">
          <params>
            <param index="0">
              <value>
                <![CDATA[Ramakrishna]]>
              </value>
            </param>
            <param index="1">
              <value>
                <![CDATA[Narayana]]>
              </value>
            </param>
            <param index="2">
              <value>
                <![CDATA[RamaNara@gmail.com]]>
              </value>
            </param>
            <param index="3">
              <value>
                <![CDATA[RNRNRN]]>
              </value>
            </param>
          </params>
          <exception class="org.openqa.selenium.NoSuchElementException">
            <message>
              <![CDATA[no such element: Unable to locate element: {"method":"id","selector":"firstname"}
  (Session info: chrome=78.0.3904.87)
  (Driver info: chromedriver=72.0.3626.69 (3c16f8a135abc0d4da2dff33804db79b849a7c38),platform=Windows NT 10.0.18362 x86_64) (WARNING: The server did not provide any stacktrace information)
Command duration or timeout: 0 milliseconds
For documentation on this error, please visit: https://www.seleniumhq.org/exceptions/no_such_element.html
Build info: version: '3.141.59', revision: 'e82be7d358', time: '2018-11-14T08:17:03'
System info: host: 'DESKTOP-4DDVBEP', ip: '192.168.237.1', os.name: 'Windows 10', os.arch: 'amd64', os.version: '10.0', java.version: '11.0.1'
Driver info: org.openqa.selenium.chrome.ChromeDriver
Capabilities {acceptInsecureCerts: false, acceptSslCerts: false, applicationCacheEnabled: false, browserConnectionEnabled: false, browserName: chrome, chrome: {chromedriverVersion: 72.0.3626.69 (3c16f8a135abc..., userDataDir: C:\Users\Akshay\AppData\Loc...}, cssSelectorsEnabled: true, databaseEnabled: false, goog:chromeOptions: {debuggerAddress: localhost:49682}, handlesAlerts: true, hasTouchScreen: false, javascriptEnabled: true, locationContextEnabled: true, mobileEmulationEnabled: false, nativeEvents: true, networkConnectionEnabled: false, pageLoadStrategy: normal, platform: XP, platformName: XP, proxy: Proxy(), rotatable: false, setWindowRect: true, takesHeapSnapshot: true, takesScreenshot: true, timeouts: {implicit: 0, pageLoad: 300000, script: 30000}, unexpectedAlertBehaviour: ignore, unhandledPromptBehavior: ignore, version: 78.0.3904.87, webStorageEnabled: true}
Session ID: 8aade24b75e366d0fa95492bc3240a67
*** Element info: {Using=id, value=firstname}]]>
            </message>
            <full-stacktrace>
              <![CDATA[org.openqa.selenium.NoSuchElementException: no such element: Unable to locate element: {"method":"id","selector":"firstname"}
  (Session info: chrome=78.0.3904.87)
  (Driver info: chromedriver=72.0.3626.69 (3c16f8a135abc0d4da2dff33804db79b849a7c38),platform=Windows NT 10.0.18362 x86_64) (WARNING: The server did not provide any stacktrace information)
Command duration or timeout: 0 milliseconds
For documentation on this error, please visit: https://www.seleniumhq.org/exceptions/no_such_element.html
Build info: version: '3.141.59', revision: 'e82be7d358', time: '2018-11-14T08:17:03'
System info: host: 'DESKTOP-4DDVBEP', ip: '192.168.237.1', os.name: 'Windows 10', os.arch: 'amd64', os.version: '10.0', java.version: '11.0.1'
Driver info: org.openqa.selenium.chrome.ChromeDriver
Capabilities {acceptInsecureCerts: false, acceptSslCerts: false, applicationCacheEnabled: false, browserConnectionEnabled: false, browserName: chrome, chrome: {chromedriverVersion: 72.0.3626.69 (3c16f8a135abc..., userDataDir: C:\Users\Akshay\AppData\Loc...}, cssSelectorsEnabled: true, databaseEnabled: false, goog:chromeOptions: {debuggerAddress: localhost:49682}, handlesAlerts: true, hasTouchScreen: false, javascriptEnabled: true, locationContextEnabled: true, mobileEmulationEnabled: false, nativeEvents: true, networkConnectionEnabled: false, pageLoadStrategy: normal, platform: XP, platformName: XP, proxy: Proxy(), rotatable: false, setWindowRect: true, takesHeapSnapshot: true, takesScreenshot: true, timeouts: {implicit: 0, pageLoad: 300000, script: 30000}, unexpectedAlertBehaviour: ignore, unhandledPromptBehavior: ignore, version: 78.0.3904.87, webStorageEnabled: true}
Session ID: 8aade24b75e366d0fa95492bc3240a67
*** Element info: {Using=id, value=firstname}
at java.base/jdk.internal.reflect.NativeConstructorAccessorImpl.newInstance0(Native Method)
at java.base/jdk.internal.reflect.NativeConstructorAccessorImpl.newInstance(NativeConstructorAccessorImpl.java:62)
at java.base/jdk.internal.reflect.DelegatingConstructorAccessorImpl.newInstance(DelegatingConstructorAccessorImpl.java:45)
at java.base/java.lang.reflect.Constructor.newInstance(Constructor.java:490)
at org.openqa.selenium.remote.ErrorHandler.createThrowable(ErrorHandler.java:214)
at org.openqa.selenium.remote.ErrorHandler.throwIfResponseFailed(ErrorHandler.java:166)
at org.openqa.selenium.remote.http.JsonHttpResponseCodec.reconstructValue(JsonHttpResponseCodec.java:40)
at org.openqa.selenium.remote.http.AbstractHttpResponseCodec.decode(AbstractHttpResponseCodec.java:80)
at org.openqa.selenium.remote.http.AbstractHttpResponseCodec.decode(AbstractHttpResponseCodec.java:44)
at org.openqa.selenium.remote.HttpCommandExecutor.execute(HttpCommandExecutor.java:158)
at org.openqa.selenium.remote.service.DriverCommandExecutor.execute(DriverCommandExecutor.java:83)
at org.openqa.selenium.remote.RemoteWebDriver.execute(RemoteWebDriver.java:552)
at org.openqa.selenium.remote.RemoteWebDriver.findElement(RemoteWebDriver.java:323)
at org.openqa.selenium.remote.RemoteWebDriver.findElementById(RemoteWebDriver.java:372)
at org.openqa.selenium.By$ById.findElement(By.java:188)
at org.openqa.selenium.remote.RemoteWebDriver.findElement(RemoteWebDriver.java:315)
at com.qa.test.DataSourceTest.DataSend(DataSourceTest.java:39)
at java.base/jdk.internal.reflect.NativeMethodAccessorImpl.invoke0(Native Method)
at java.base/jdk.internal.reflect.NativeMethodAccessorImpl.invoke(NativeMethodAccessorImpl.java:62)
at java.base/jdk.internal.reflect.DelegatingMethodAccessorImpl.invoke(DelegatingMethodAccessorImpl.java:43)
at java.base/java.lang.reflect.Method.invoke(Method.java:566)
at org.testng.internal.MethodInvocationHelper.invokeMethod(MethodInvocationHelper.java:133)
at org.testng.internal.TestInvoker.invokeMethod(TestInvoker.java:584)
at org.testng.internal.TestInvoker.invokeTestMethod(TestInvoker.java:172)
at org.testng.internal.MethodRunner.runInSequence(MethodRunner.java:46)
at org.testng.internal.TestInvoker$MethodInvocationAgent.invoke(TestInvoker.java:804)
at org.testng.internal.TestInvoker.invokeTestMethods(TestInvoker.java:145)
at org.testng.internal.TestMethodWorker.invokeTestMethods(TestMethodWorker.java:146)
at org.testng.internal.TestMethodWorker.run(TestMethodWorker.java:128)
at java.base/java.util.ArrayList.forEach(ArrayList.java:1540)
at org.testng.TestRunner.privateRun(TestRunner.java:770)
at org.testng.TestRunner.run(TestRunner.java:591)
at org.testng.SuiteRunner.runTest(SuiteRunner.java:402)
at org.testng.SuiteRunner.runSequentially(SuiteRunner.java:396)
at org.testng.SuiteRunner.privateRun(SuiteRunner.java:355)
at org.testng.SuiteRunner.run(SuiteRunner.java:304)
at org.testng.SuiteRunnerWorker.runSuite(SuiteRunnerWorker.java:53)
at org.testng.SuiteRunnerWorker.run(SuiteRunnerWorker.java:96)
at org.testng.TestNG.runSuitesSequentially(TestNG.java:1180)
at org.testng.TestNG.runSuitesLocally(TestNG.java:1102)
at org.testng.TestNG.runSuites(TestNG.java:1032)
at org.testng.TestNG.run(TestNG.java:1000)
at org.testng.remote.AbstractRemoteTestNG.run(AbstractRemoteTestNG.java:115)
at org.testng.remote.RemoteTestNG.initAndRun(RemoteTestNG.java:251)
at org.testng.remote.RemoteTestNG.main(RemoteTestNG.java:77)
]]>
            </full-stacktrace>
          </exception> <!-- org.openqa.selenium.NoSuchElementException -->
          <reporter-output>
          </reporter-output>
        </test-method> <!-- DataSend -->
        <test-method is-config="true" signature="tearDown()[pri:0, instance:com.qa.test.DataSourceTest@157853da]" started-at="2019-11-11T17:30:29 GMT-05:00" name="tearDown" finished-at="2019-11-11T17:30:29 GMT-05:00" duration-ms="663" status="PASS">
          <reporter-output>
          </reporter-output>
        </test-method> <!-- tearDown -->
      </class> <!-- com.qa.test.DataSourceTest -->
    </test> <!-- Default test -->
  </suite> <!-- Default suite -->
</testng-results>
