<?xml version="1.0" encoding="UTF-8"?>
<testng-results ignored="3" total="4" passed="1" failed="0" skipped="0">
  <reporter-output>
  </reporter-output>
  <suite started-at="2019-11-10T13:17:38 GMT-05:00" name="Default suite" finished-at="2019-11-10T13:18:07 GMT-05:00" duration-ms="28980">
    <groups>
    </groups>
    <test started-at="2019-11-10T13:17:38 GMT-05:00" name="Default test" finished-at="2019-11-10T13:18:07 GMT-05:00" duration-ms="28980">
      <class name="com.qa.tests.HomePageTest">
        <test-method is-config="true" signature="setUp()[pri:0, instance:com.qa.tests.HomePageTest@343570b7]" started-at="2019-11-10T13:17:38 GMT-05:00" name="setUp" finished-at="2019-11-10T13:18:07 GMT-05:00" duration-ms="28791" status="PASS">
          <reporter-output>
          </reporter-output>
        </test-method> <!-- setUp -->
        <test-method signature="searchJewellery()[pri:4, instance:com.qa.tests.HomePageTest@343570b7]" started-at="2019-11-10T13:18:07 GMT-05:00" name="searchJewellery" finished-at="2019-11-10T13:18:07 GMT-05:00" duration-ms="136" status="PASS">
          <reporter-output>
          </reporter-output>
        </test-method> <!-- searchJewellery -->
      </class> <!-- com.qa.tests.HomePageTest -->
    </test> <!-- Default test -->
  </suite> <!-- Default suite -->
</testng-results>
